============================= test session starts =============================
platform win32 -- Python 3.13.3, pytest-9.0.2, pluggy-1.6.0
rootdir: C:\Users\PC\Documents\GitHub\heirs_insurance_hackathon
plugins: langsmith-0.7.3, asyncio-1.3.0, anyio-4.11.0
asyncio: mode=Mode.STRICT, debug=False, asyncio_default_fixture_loop_scope=None, asyncio_default_test_loop_scope=function
collected 1 item

tests\test_simple.py .                                                   [100%]

============================== 1 passed in 0.04s ==============================
